<?xml version="1.0" encoding="UTF-8"?>
<testng-results skipped="0" failed="0" total="1" passed="1">
  <reporter-output>
  </reporter-output>
  <suite name="Suite" duration-ms="936" started-at="2018-11-01T13:11:33Z" finished-at="2018-11-01T13:11:34Z">
    <groups>
      <group name="cucumber">
        <method signature="AbstractTestNGCucumberTests.feature(cucumber.api.testng.CucumberFeatureWrapper)[pri:0, instance:runner.RunCuke@85bdee]" name="feature" class="cucumber.api.testng.AbstractTestNGCucumberTests"/>
      </group> <!-- cucumber -->
    </groups>
    <test name="Test" duration-ms="936" started-at="2018-11-01T13:11:33Z" finished-at="2018-11-01T13:11:34Z">
      <class name="runner.RunCuke">
        <test-method status="PASS" signature="setUpClass()[pri:0, instance:runner.RunCuke@85bdee]" name="setUpClass" is-config="true" duration-ms="219" started-at="2018-11-01T13:11:33Z" finished-at="2018-11-01T13:11:33Z">
          <reporter-output>
          </reporter-output>
        </test-method> <!-- setUpClass -->
        <test-method status="PASS" signature="feature(cucumber.api.testng.CucumberFeatureWrapper)[pri:0, instance:runner.RunCuke@85bdee]" name="feature" duration-ms="645" started-at="2018-11-01T13:11:33Z" description="Runs Cucumber Feature" data-provider="features" finished-at="2018-11-01T13:11:34Z">
          <params>
            <param index="0">
              <value>
                <![CDATA[A rest service that accepts a local address as a String.]]>
              </value>
            </param>
          </params>
          <reporter-output>
          </reporter-output>
        </test-method> <!-- feature -->
        <test-method status="PASS" signature="tearDownClass()[pri:0, instance:runner.RunCuke@85bdee]" name="tearDownClass" is-config="true" duration-ms="6" started-at="2018-11-01T13:11:34Z" finished-at="2018-11-01T13:11:34Z">
          <reporter-output>
          </reporter-output>
        </test-method> <!-- tearDownClass -->
      </class> <!-- runner.RunCuke -->
    </test> <!-- Test -->
  </suite> <!-- Suite -->
</testng-results>
